Arguments: 
  /usr/bin/node /usr/bin/yarn start

PATH: 
  /home/corey/.local/share/umake/bin:/home/corey/bin:/home/corey/.local/bin:/usr/local/sbin:/usr/local/bin:/usr/sbin:/usr/bin:/sbin:/bin:/usr/games:/usr/local/games:/snap/bin

Yarn version: 
  1.5.1

Node version: 
  9.9.0

Platform: 
  linux x64

npm manifest: 
  {
    "name": "example-create-react-app-express",
    "version": "1.0.0",
    "scripts": {
      "client": "cd client && yarn start",
      "server": "nodemon server.js",
      "dev": "concurrently --kill-others-on-fail \"yarn server\" \"yarn client\""
    },
    "dependencies": {
      "bcrypt": "^1.0.3",
      "express": "^4.16.2",
      "mongoose": "^5.0.12"
    },
    "devDependencies": {
      "concurrently": "^3.5.0"
    }
  }

yarn manifest: 
  No manifest

Lockfile: 
  No lockfile

Trace: 
  Error: Command failed.
  Exit code: 1
  Command: sh
  Arguments: -c node server.js
  Directory: /home/corey/Workspace/ethic
  Output:
  
      at ProcessTermError.MessageError (/usr/lib/node_modules/yarn/lib/cli.js:186:110)
      at new ProcessTermError (/usr/lib/node_modules/yarn/lib/cli.js:226:113)
      at ChildProcess.<anonymous> (/usr/lib/node_modules/yarn/lib/cli.js:30281:17)
      at ChildProcess.emit (events.js:180:13)
      at maybeClose (internal/child_process.js:936:16)
      at Process.ChildProcess._handle.onexit (internal/child_process.js:220:5)
